<?xml version="1.0" encoding="UTF-8"?>
<testng-results ignored="2" total="4" passed="2" failed="0" skipped="0">
  <reporter-output>
  </reporter-output>
  <suite started-at="2025-04-23T22:44:31 IST" name="Suite" finished-at="2025-04-23T22:45:51 IST" duration-ms="80706">
    <groups>
      <group name="regression">
        <method signature="AddLowestProductToCart.tc_002_AddLowestProductToCart()[pri:0, instance:com.inventoryTest.AddLowestProductToCart@c8c12ac]" name="tc_002_AddLowestProductToCart" class="com.inventoryTest.AddLowestProductToCart"/>
      </group> <!-- regression -->
    </groups>
    <test started-at="2025-04-23T22:44:31 IST" name="Test" finished-at="2025-04-23T22:45:51 IST" duration-ms="80706">
      <class name="com.inventoryTest.AddLowestProductToCart">
        <test-method is-config="true" signature="bsConfig()[pri:0, instance:com.inventoryTest.AddLowestProductToCart@c8c12ac]" started-at="2025-04-23T22:44:31 IST" name="bsConfig" finished-at="2025-04-23T22:44:31 IST" duration-ms="8" status="PASS">
          <reporter-output>
          </reporter-output>
        </test-method> <!-- bsConfig -->
        <test-method is-config="true" signature="bcConfig()[pri:0, instance:com.inventoryTest.AddLowestProductToCart@c8c12ac]" started-at="2025-04-23T22:44:31 IST" name="bcConfig" finished-at="2025-04-23T22:45:28 IST" duration-ms="57471" status="PASS">
          <reporter-output>
          </reporter-output>
        </test-method> <!-- bcConfig -->
        <test-method is-config="true" signature="bmConfig()[pri:0, instance:com.inventoryTest.AddLowestProductToCart@c8c12ac]" started-at="2025-04-23T22:45:28 IST" name="bmConfig" finished-at="2025-04-23T22:45:30 IST" duration-ms="1397" status="PASS">
          <reporter-output>
          </reporter-output>
        </test-method> <!-- bmConfig -->
        <test-method signature="tc_002_AddLowestProductToCart()[pri:0, instance:com.inventoryTest.AddLowestProductToCart@c8c12ac]" started-at="2025-04-23T22:45:30 IST" name="tc_002_AddLowestProductToCart" finished-at="2025-04-23T22:45:33 IST" duration-ms="3462" status="PASS">
          <reporter-output>
          </reporter-output>
        </test-method> <!-- tc_002_AddLowestProductToCart -->
        <test-method is-config="true" signature="amConfig()[pri:0, instance:com.inventoryTest.AddLowestProductToCart@c8c12ac]" started-at="2025-04-23T22:45:33 IST" name="amConfig" finished-at="2025-04-23T22:45:34 IST" duration-ms="471" status="PASS">
          <reporter-output>
          </reporter-output>
        </test-method> <!-- amConfig -->
        <test-method is-config="true" signature="acConfig()[pri:0, instance:com.inventoryTest.AddLowestProductToCart@c8c12ac]" started-at="2025-04-23T22:45:34 IST" name="acConfig" finished-at="2025-04-23T22:45:35 IST" duration-ms="1419" status="PASS">
          <reporter-output>
          </reporter-output>
        </test-method> <!-- acConfig -->
        <test-method is-config="true" signature="asConfig()[pri:0, instance:com.inventoryTest.AddLowestProductToCart@c8c12ac]" started-at="2025-04-23T22:45:51 IST" name="asConfig" finished-at="2025-04-23T22:45:51 IST" duration-ms="1" status="PASS">
          <reporter-output>
          </reporter-output>
        </test-method> <!-- asConfig -->
      </class> <!-- com.inventoryTest.AddLowestProductToCart -->
      <class name="com.inventoryTest.AddtoCartTest">
        <test-method is-config="true" signature="bcConfig()[pri:0, instance:com.inventoryTest.AddtoCartTest@1b7cc17c]" started-at="2025-04-23T22:45:35 IST" name="bcConfig" finished-at="2025-04-23T22:45:46 IST" duration-ms="11248" status="PASS">
          <reporter-output>
          </reporter-output>
        </test-method> <!-- bcConfig -->
        <test-method is-config="true" signature="bmConfig()[pri:0, instance:com.inventoryTest.AddtoCartTest@1b7cc17c]" started-at="2025-04-23T22:45:46 IST" name="bmConfig" finished-at="2025-04-23T22:45:48 IST" duration-ms="1375" status="PASS">
          <reporter-output>
          </reporter-output>
        </test-method> <!-- bmConfig -->
        <test-method signature="tc_001_AddtoCartTest()[pri:0, instance:com.inventoryTest.AddtoCartTest@1b7cc17c]" started-at="2025-04-23T22:45:48 IST" name="tc_001_AddtoCartTest" finished-at="2025-04-23T22:45:49 IST" duration-ms="948" status="PASS">
          <reporter-output>
          </reporter-output>
        </test-method> <!-- tc_001_AddtoCartTest -->
        <test-method is-config="true" signature="amConfig()[pri:0, instance:com.inventoryTest.AddtoCartTest@1b7cc17c]" started-at="2025-04-23T22:45:49 IST" name="amConfig" finished-at="2025-04-23T22:45:49 IST" duration-ms="630" status="PASS">
          <reporter-output>
          </reporter-output>
        </test-method> <!-- amConfig -->
        <test-method is-config="true" signature="acConfig()[pri:0, instance:com.inventoryTest.AddtoCartTest@1b7cc17c]" started-at="2025-04-23T22:45:49 IST" name="acConfig" finished-at="2025-04-23T22:45:51 IST" duration-ms="2208" status="PASS">
          <reporter-output>
          </reporter-output>
        </test-method> <!-- acConfig -->
      </class> <!-- com.inventoryTest.AddtoCartTest -->
    </test> <!-- Test -->
  </suite> <!-- Suite -->
</testng-results>
