<?xml version="1.0" encoding="UTF-8"?>
<!-- Generated by org.testng.reporters.JUnitXMLReporter -->
<testsuite ignored="2" hostname="LAPTOP-OK1FO54J" failures="0" tests="2" name="Test" time="7.588" errors="0" timestamp="2025-04-18T08:05:45 IST">
  <testcase classname="com.inventoryTest.AddLowestProductToCart" name="tc_002_AddLowestProductToCart" time="0.759"/>
  <testcase classname="com.inventoryTest.AddtoCartTest" name="tc_001_AddtoCartTest" time="0.294"/>
  <testcase classname="com.genericUtilities.BaseClass" name="@BeforeSuite bsConfig" time="0.0">
    <ignored/>
  </testcase> <!-- @BeforeSuite bsConfig -->
  <testcase classname="com.genericUtilities.BaseClass" name="@AfterSuite asConfig" time="0.0">
    <ignored/>
  </testcase> <!-- @AfterSuite asConfig -->
</testsuite> <!-- Test -->
